Using pre-set license
Built from '2020.3/staging' branch; Version is '2020.3.16f1 (049d6eca3c44) revision 302446'; Using compiler version '192528614'; Build Type 'Release'
OS: 'Windows 10 Home Single Language; OS build 19041.1165; Version 2004; 64bit' Language: 'tr' Physical Memory: 8092 MB
BatchMode: 1, IsHumanControllingUs: 0, StartBugReporterOnCrash: 0, Is64bit: 1, IsPro: 0

 COMMAND LINE ARGUMENTS:
C:\Program Files\Unity\Hub\Editor\2020.3.16f1\Editor\Unity.exe
-adb2
-batchMode
-noUpm
-name
AssetImportWorker7
-projectPath
E:/UnityProjects/IsometricTopDown
-logFile
Logs/AssetImportWorker7.log
-srvPort
54813
Successfully changed project path to: E:/UnityProjects/IsometricTopDown
E:/UnityProjects/IsometricTopDown
Using Asset Import Pipeline V2.
